<?xml version="1.0" encoding="UTF-8"?>
<!-- Generated by org.testng.reporters.JUnitXMLReporter -->
<testsuite ignored="0" hostname="MuhammadJaziem" failures="0" tests="4" name="Default test" time="8.621" errors="0" timestamp="2023-07-01T12:47:19 MYT">
  <testcase classname="api.test.UserTests" name="testPostUser" time="3.267"/>
  <testcase classname="api.test.UserTests" name="testGetUserByName" time="1.312"/>
  <testcase classname="api.test.UserTests" name="testUpdateUserByName" time="2.467"/>
  <testcase classname="api.test.UserTests" name="testDeleteUserByName" time="1.263"/>
</testsuite> <!-- Default test -->
