<?xml version="1.0" encoding="UTF-8"?>
<!-- Generated by org.testng.reporters.JUnitXMLReporter -->
<testsuite ignored="0" hostname="MuhammadJaziem" failures="0" tests="4" name="PetTests" time="11.489" errors="0" timestamp="2023-07-15T10:05:36 MYT">
  <testcase classname="api.test.UserTests2" name="testPostUser" time="3.257"/>
  <testcase classname="api.test.UserTests2" name="testGetUserByName" time="2.665"/>
  <testcase classname="api.test.UserTests2" name="testUpdateUserByName" time="3.061"/>
  <testcase classname="api.test.UserTests2" name="testDeleteUserByName" time="1.527"/>
</testsuite> <!-- PetTests -->
